[2026-04-25 22:26:24] 系统初始化完成，等待启动服务...
[2026-04-25 22:26:24] Web资源路径: D:\MCZLFVisualStudio\TraeProject\RemoteRescue\RemoteRescueApp\bin\Debug\WebResource
[2026-04-25 22:27:02] 正在卸载系统服务...
[2026-04-25 22:27:02] → 服务已卸载
[2026-04-25 22:27:02] → 已从启动文件夹移除
[2026-04-25 22:27:04] 正在注册系统服务...
[2026-04-25 22:27:04] 系统初始化完成，等待启动服务...
[2026-04-25 22:27:04] Web资源路径: D:\MCZLFVisualStudio\TraeProject\RemoteRescue\RemoteRescueApp\bin\Debug\WebResource
[2026-04-25 22:27:22] 系统初始化完成，等待启动服务...
[2026-04-25 22:27:22] Web资源路径: D:\MCZLFVisualStudio\TraeProject\RemoteRescue\RemoteRescueApp\bin\Debug\WebResource
[2026-04-25 22:27:29] 正在卸载系统服务...
[2026-04-25 22:27:29] → 服务已卸载
[2026-04-25 22:27:29] → 已从启动文件夹移除
[2026-04-25 22:28:26] 程序已最小化到系统托盘
[2026-04-25 22:30:17] 系统初始化完成，等待启动服务...
[2026-04-25 22:30:17] Web资源路径: D:\MCZLFVisualStudio\TraeProject\RemoteRescue\RemoteRescueApp\bin\Debug\WebResource
[2026-04-25 22:30:22] 正在注册系统服务...
[2026-04-25 22:30:22] → 程序已在运行
[2026-04-25 22:30:22] → 已添加到启动文件夹
[2026-04-25 22:31:28] 系统初始化完成，等待启动服务...
[2026-04-25 22:31:28] Web资源路径: D:\MCZLFVisualStudio\TraeProject\RemoteRescue\RemoteRescueApp\bin\Debug\WebResource
[2026-04-25 22:31:38] 正在退出程序...
[2026-04-25 22:32:18] 正在卸载系统服务...
[2026-04-25 22:32:34] 系统初始化完成，等待启动服务...
[2026-04-25 22:32:34] Web资源路径: D:\MCZLFVisualStudio\TraeProject\RemoteRescue\RemoteRescueApp\bin\Debug\WebResource
[2026-04-25 22:33:33] 正在启动HTTP服务...
[2026-04-25 22:33:33] HTTP监听线程已启动
[2026-04-25 22:33:33] HTTP监听器已创建
[2026-04-25 22:33:33] Web资源目录: D:\MCZLFVisualStudio\TraeProject\RemoteRescue\RemoteRescueApp\bin\Debug\WebResource
[2026-04-25 22:33:33] ✓ HTTP服务启动成功
[2026-04-25 22:33:33] ✓ 监听地址: IP:8889 (所有网卡)
[2026-04-25 22:33:33] ✓ 请使用浏览器访问上述地址
[2026-04-25 22:33:35] 正在打开浏览器...
[2026-04-25 22:33:36] [127.0.0.1] GET /
[2026-04-25 22:33:41] [::1] POST /api/login
[2026-04-25 22:33:41] → 收到登录请求
[2026-04-25 22:33:41] → 登录成功 [::1]
[2026-04-25 22:33:41] [::1] GET /main.html
[2026-04-25 22:33:41] [127.0.0.1] GET /api/status
[2026-04-25 22:33:42] → 返回系统状态信息
[2026-04-25 22:33:42] [::1] GET /api/status
[2026-04-25 22:33:42] → 返回系统状态信息
[2026-04-25 22:33:46] [::1] GET /api/status
[2026-04-25 22:33:47] → 返回系统状态信息
[2026-04-25 22:33:51] [::1] GET /api/status
[2026-04-25 22:33:52] → 返回系统状态信息
[2026-04-25 22:33:56] [::1] GET /api/status
[2026-04-25 22:33:57] → 返回系统状态信息
[2026-04-25 22:34:01] [::1] GET /api/status
[2026-04-25 22:34:02] → 返回系统状态信息
[2026-04-25 22:34:06] [::1] GET /api/status
[2026-04-25 22:34:07] → 返回系统状态信息
[2026-04-25 22:34:11] [::1] GET /api/status
[2026-04-25 22:34:12] → 返回系统状态信息
[2026-04-25 22:34:16] [::1] GET /api/status
[2026-04-25 22:34:17] → 返回系统状态信息
[2026-04-25 22:34:21] [::1] GET /api/status
[2026-04-25 22:34:22] → 返回系统状态信息
[2026-04-25 22:35:57] 正在停止HTTP服务...
[2026-04-25 22:35:57] HTTP监听线程已停止
[2026-04-25 22:35:57] ✓ HTTP服务已停止
[2026-04-25 22:36:09] 程序已最小化到系统托盘
[2026-04-25 22:36:42] 系统初始化完成，等待启动服务...
[2026-04-25 22:36:42] Web资源路径: D:\MCZLFVisualStudio\TraeProject\RemoteRescue\RemoteRescueApp\bin\Debug\WebResource
[2026-04-25 22:36:45] 正在注册系统服务...
[2026-04-25 22:36:45] → 程序已在运行
[2026-04-25 22:36:45] → 已添加到启动文件夹
[2026-04-25 22:37:28] 正在卸载系统服务...
[2026-04-25 22:39:54] 系统初始化完成，等待启动服务...
[2026-04-25 22:39:54] Web资源路径: D:\MCZLFVisualStudio\TraeProject\RemoteRescue\RemoteRescueApp\bin\Debug\WebResource
[2026-04-25 22:39:54] 正在自动启动HTTP服务...
[2026-04-25 22:39:55] 正在启动HTTP服务...
[2026-04-25 22:39:55] HTTP监听线程已启动
[2026-04-25 22:39:55] HTTP监听器已创建
[2026-04-25 22:39:55] Web资源目录: D:\MCZLFVisualStudio\TraeProject\RemoteRescue\RemoteRescueApp\bin\Debug\WebResource
[2026-04-25 22:39:55] ✓ HTTP服务启动成功
[2026-04-25 22:39:55] ✓ 监听地址: IP:8889 (所有网卡)
[2026-04-25 22:39:55] ✓ 请使用浏览器访问上述地址
[2026-04-25 22:40:11] 正在注册系统服务...
[2026-04-25 22:40:11] → 程序已在运行
[2026-04-25 22:40:11] → 已添加到启动文件夹
[2026-04-25 22:40:13] 正在打开浏览器...
[2026-04-25 22:40:14] [::1] GET /
[2026-04-25 22:40:14] [::1] GET /favicon.ico
[2026-04-25 22:40:18] [::1] POST /api/login
[2026-04-25 22:40:18] → 收到登录请求
[2026-04-25 22:40:18] → 登录成功 [::1]
[2026-04-25 22:40:19] [::1] GET /main.html
[2026-04-25 22:40:19] [::1] GET /api/status
[2026-04-25 22:40:21] → 返回系统状态信息
[2026-04-25 22:40:21] [::1] GET /api/status
[2026-04-25 22:40:21] → 返回系统状态信息
[2026-04-25 22:40:24] [::1] GET /api/status
[2026-04-25 22:40:24] → 返回系统状态信息
[2026-04-25 22:40:29] [::1] GET /api/status
[2026-04-25 22:40:29] → 返回系统状态信息
[2026-04-25 22:40:34] [::1] GET /api/status
[2026-04-25 22:40:34] → 返回系统状态信息
[2026-04-25 22:40:39] [::1] GET /api/status
[2026-04-25 22:40:39] → 返回系统状态信息
[2026-04-25 22:40:44] [::1] GET /api/status
[2026-04-25 22:40:44] → 返回系统状态信息
[2026-04-25 22:40:47] [::1] POST /api/restart/explorer
[2026-04-25 22:40:47] → 执行Explorer重启操作...
[2026-04-25 22:40:48] → Explorer操作结果: Explorer重启成功
[2026-04-25 22:40:51] [::1] GET /api/status
[2026-04-25 22:40:52] → 返回系统状态信息
[2026-04-25 22:40:52] [::1] GET /api/status
[2026-04-25 22:40:52] → 返回系统状态信息
[2026-04-25 22:40:56] [::1] GET /api/status
[2026-04-25 22:40:57] → 返回系统状态信息
[2026-04-25 22:41:04] [::1] GET /api/status
[2026-04-25 22:41:05] → 返回系统状态信息
[2026-04-25 22:41:05] [::1] GET /api/status
[2026-04-25 22:41:06] → 返回系统状态信息
[2026-04-25 22:41:09] [::1] GET /api/status
[2026-04-25 22:41:10] → 返回系统状态信息
[2026-04-25 22:41:14] [::1] GET /api/status
[2026-04-25 22:41:15] → 返回系统状态信息
[2026-04-25 22:41:19] [::1] GET /api/status
[2026-04-25 22:41:20] → 返回系统状态信息
[2026-04-25 22:41:24] [::1] GET /api/status
[2026-04-25 22:41:25] → 返回系统状态信息
[2026-04-25 22:49:04] [::1] GET /api/status
[2026-04-25 22:49:05] → 返回系统状态信息
[2026-04-25 22:49:05] [::1] GET /api/status
[2026-04-25 22:49:05] → 返回系统状态信息
